<?xml version="1.0" encoding="UTF-8"?>
<!-- Generated by org.testng.reporters.JUnitXMLReporter -->
<testsuite ignored="0" hostname="WIN10EN-CT5UJHL" failures="0" tests="6" name="Admin Tests" time="0.047" errors="0" timestamp="2022-07-05T21:00:45 SGT">
  <testcase classname="tests.BuildDownloadSetUp" name="@BeforeSuite downloadCWABuild_setUp" time="56.33">
    <failure type="org.openqa.selenium.NoSuchElementException" message="Cannot locate an element using xpath=//button[@title=&amp;apos;Successful&amp;apos;]
For documentation on this error, please visit: https://www.seleniumhq.org/exceptions/no_such_element.html
Build info: version: &amp;apos;3.141.59&amp;apos;, revision: &amp;apos;e82be7d358&amp;apos;, time: &amp;apos;2018-11-14T08:17:03&amp;apos;
System info: host: &amp;apos;WIN10EN-CT5UJHL&amp;apos;, ip: &amp;apos;10.150.138.64&amp;apos;, os.name: &amp;apos;Windows 10&amp;apos;, os.arch: &amp;apos;amd64&amp;apos;, os.version: &amp;apos;10.0&amp;apos;, java.version: &amp;apos;17&amp;apos;
Driver info: driver.version: RemoteWebDriver">
      <![CDATA[org.openqa.selenium.NoSuchElementException: Cannot locate an element using xpath=//button[@title='Successful']
For documentation on this error, please visit: https://www.seleniumhq.org/exceptions/no_such_element.html
Build info: version: '3.141.59', revision: 'e82be7d358', time: '2018-11-14T08:17:03'
System info: host: 'WIN10EN-CT5UJHL', ip: '10.150.138.64', os.name: 'Windows 10', os.arch: 'amd64', os.version: '10.0', java.version: '17'
Driver info: driver.version: RemoteWebDriver
at org.openqa.selenium.remote.RemoteWebDriver.findElement(RemoteWebDriver.java:327)
at org.openqa.selenium.remote.RemoteWebDriver.findElementByXPath(RemoteWebDriver.java:428)
at org.openqa.selenium.By$ByXPath.findElement(By.java:353)
at org.openqa.selenium.remote.RemoteWebDriver.findElement(RemoteWebDriver.java:315)
at tests.BuildDownloadSetUp.downloadCWABuild_setUp(BuildDownloadSetUp.java:45)
... Removed 23 stack frames]]>
    </failure>
  </testcase> <!-- @BeforeSuite downloadCWABuild_setUp -->
  <testcase classname="tests.Install_Test" name="@BeforeTest installation" time="-1.657026045018E9">
    <skipped/>
  </testcase> <!-- @BeforeTest installation -->
  <testcase classname="tests.AddStore_Test" name="@BeforeClass setUp" time="-1.657026045043E9">
    <skipped/>
  </testcase> <!-- @BeforeClass setUp -->
  <testcase classname="tests.Uninstall_Test" name="@AfterTest uninstallCWA" time="-1.657026045065E9">
    <skipped/>
  </testcase> <!-- @AfterTest uninstallCWA -->
  <testcase classname="tests.AddStore_Test" name="addStore" time="0.0">
    <skipped/>
  </testcase> <!-- addStore -->
  <testcase classname="tests.OnPrem_Login_Test" name="loginTest" time="0.0">
    <skipped/>
  </testcase> <!-- loginTest -->
  <testcase classname="tests.App_Desktop_Launch_Tests" name="launchDesktop" time="0.0">
    <skipped/>
  </testcase> <!-- launchDesktop -->
  <testcase classname="tests.App_Desktop_Launch_Tests" name="launchApp" time="0.0">
    <skipped/>
  </testcase> <!-- launchApp -->
  <testcase classname="tests.LogOff_Tests" name="logoffSessions" time="0.0">
    <skipped/>
  </testcase> <!-- logoffSessions -->
  <testcase classname="tests.LogOff_Tests" name="logoffCWAUser" time="0.0">
    <skipped/>
  </testcase> <!-- logoffCWAUser -->
</testsuite> <!-- Admin Tests -->
