<!DOCTYPE html PUBLIC "-//W3C//DTD XHTML 1.1//EN" "https://www.w3.org/TR/xhtml11/DTD/xhtml11.dtd">
<html xmlns="https://www.w3.org/1999/xhtml">
<head>
<meta http-equiv="content-type" content="text/html; charset=UTF-8"/>
<title>TestNG Report</title>
<style type="text/css">table {margin-bottom:10px;border-collapse:collapse;empty-cells:show}th,td {border:1px solid #009;padding:.25em .5em}th {vertical-align:bottom}td {vertical-align:top}table a {font-weight:bold}.stripe td {background-color: #E6EBF9}.num {text-align:right}.passedodd td {background-color: #3F3}.passedeven td {background-color: #0A0}.skippedodd td {background-color: #DDD}.skippedeven td {background-color: #CCC}.failedodd td,.attn {background-color: #F33}.failedeven td,.stripe .attn {background-color: #D00}.stacktrace {white-space:pre;font-family:monospace}.totop {font-size:85%;text-align:center;border-bottom:2px solid #000}.invisible {display:none}</style>
</head>
<body>
<table>
<tr><th>Test</th><th># Passed</th><th># Skipped</th><th># Retried</th><th># Failed</th><th>Time (ms)</th><th>Included Groups</th><th>Excluded Groups</th></tr>
<tr><th colspan="8">CWA Windows Sample</th></tr>
<tr><td><a href="#t0">Admin Tests</a></td><td class="num">0</td><td class="num attn">6</td><td class="num">0</td><td class="num">0</td><td class="num">47</td><td></td><td></td></tr>
</table>
<table id='summary'><thead><tr><th>Class</th><th>Method</th><th>Start</th><th>Time (ms)</th></tr></thead><tbody><tr><th colspan="4">CWA Windows Sample</th></tr></tbody><tbody id="t0"><tr><th colspan="4">Admin Tests &#8212; failed (configuration methods)</th></tr><tr class="failedeven"><td rowspan="1">tests.BuildDownloadSetUp</td><td><a href="#m0">downloadCWABuild_setUp</a></td><td rowspan="1">1657025988673</td><td rowspan="1">56330</td></tr><tr><th colspan="4">Admin Tests &#8212; skipped (configuration methods)</th></tr><tr class="skippedeven"><td rowspan="1">tests.AddStore_Test</td><td><a href="#m1">setUp</a></td><td rowspan="1">1657026045043</td><td rowspan="1">-1657026045043</td></tr><tr class="skippedodd"><td rowspan="1">tests.DeleteBuild</td><td><a href="#m2">deleteCWABuild</a></td><td rowspan="1">1657026045122</td><td rowspan="1">-1657026045122</td></tr><tr class="skippedeven"><td rowspan="1">tests.Install_Test</td><td><a href="#m3">installation</a></td><td rowspan="1">1657026045018</td><td rowspan="1">-1657026045018</td></tr><tr class="skippedodd"><td rowspan="1">tests.Uninstall_Test</td><td><a href="#m4">uninstallCWA</a></td><td rowspan="1">1657026045065</td><td rowspan="1">-1657026045065</td></tr><tr><th colspan="4">Admin Tests &#8212; skipped</th></tr><tr class="skippedeven"><td rowspan="1">tests.AddStore_Test</td><td><a href="#m5">addStore</a></td><td rowspan="1">1657026045057</td><td rowspan="1">0</td></tr><tr class="skippedodd"><td rowspan="2">tests.App_Desktop_Launch_Tests</td><td><a href="#m6">launchApp</a></td><td rowspan="1">1657026045062</td><td rowspan="1">0</td></tr><tr class="skippedodd"><td><a href="#m7">launchDesktop</a></td><td rowspan="1">1657026045062</td><td rowspan="1">0</td></tr><tr class="skippedeven"><td rowspan="2">tests.LogOff_Tests</td><td><a href="#m8">logoffCWAUser</a></td><td rowspan="1">1657026045065</td><td rowspan="1">0</td></tr><tr class="skippedeven"><td><a href="#m9">logoffSessions</a></td><td rowspan="1">1657026045064</td><td rowspan="1">0</td></tr><tr class="skippedodd"><td rowspan="1">tests.OnPrem_Login_Test</td><td><a href="#m10">loginTest</a></td><td rowspan="1">1657026045061</td><td rowspan="1">0</td></tr></tbody>
</table>
<h2>Admin Tests</h2><h3 id="m0">tests.BuildDownloadSetUp#downloadCWABuild_setUp</h3><table class="result"><tr><th>Exception</th></tr><tr><td><div class="stacktrace">org.openqa.selenium.NoSuchElementException: Cannot locate an element using xpath=//button[@title=&apos;Successful&apos;]
For documentation on this error, please visit: https://www.seleniumhq.org/exceptions/no_such_element.html
Build info: version: &apos;3.141.59&apos;, revision: &apos;e82be7d358&apos;, time: &apos;2018-11-14T08:17:03&apos;
System info: host: &apos;WIN10EN-CT5UJHL&apos;, ip: &apos;10.150.138.64&apos;, os.name: &apos;Windows 10&apos;, os.arch: &apos;amd64&apos;, os.version: &apos;10.0&apos;, java.version: &apos;17&apos;
Driver info: driver.version: RemoteWebDriver
	at org.openqa.selenium.remote.RemoteWebDriver.findElement(RemoteWebDriver.java:327)
	at org.openqa.selenium.remote.RemoteWebDriver.findElementByXPath(RemoteWebDriver.java:428)
	at org.openqa.selenium.By$ByXPath.findElement(By.java:353)
	at org.openqa.selenium.remote.RemoteWebDriver.findElement(RemoteWebDriver.java:315)
	at tests.BuildDownloadSetUp.downloadCWABuild_setUp(BuildDownloadSetUp.java:45)
... Removed 23 stack frames</div></td></tr></table><p class="totop"><a href="#summary">back to summary</a></p>
<h3 id="m1">tests.AddStore_Test#setUp</h3><table class="result"><tr><th class="invisible"/></tr></table><p class="totop"><a href="#summary">back to summary</a></p>
<h3 id="m2">tests.DeleteBuild#deleteCWABuild</h3><table class="result"><tr><th class="invisible"/></tr></table><p class="totop"><a href="#summary">back to summary</a></p>
<h3 id="m3">tests.Install_Test#installation</h3><table class="result"><tr><th class="invisible"/></tr></table><p class="totop"><a href="#summary">back to summary</a></p>
<h3 id="m4">tests.Uninstall_Test#uninstallCWA</h3><table class="result"><tr><th class="invisible"/></tr></table><p class="totop"><a href="#summary">back to summary</a></p>
<h3 id="m5">tests.AddStore_Test#addStore</h3><table class="result"><tr><th>Exception</th></tr><tr><td><div class="stacktrace">org.openqa.selenium.NoSuchElementException: Cannot locate an element using xpath=//button[@title=&apos;Successful&apos;]
For documentation on this error, please visit: https://www.seleniumhq.org/exceptions/no_such_element.html
Build info: version: &apos;3.141.59&apos;, revision: &apos;e82be7d358&apos;, time: &apos;2018-11-14T08:17:03&apos;
System info: host: &apos;WIN10EN-CT5UJHL&apos;, ip: &apos;10.150.138.64&apos;, os.name: &apos;Windows 10&apos;, os.arch: &apos;amd64&apos;, os.version: &apos;10.0&apos;, java.version: &apos;17&apos;
Driver info: driver.version: RemoteWebDriver
	at org.openqa.selenium.remote.RemoteWebDriver.findElement(RemoteWebDriver.java:327)
	at org.openqa.selenium.remote.RemoteWebDriver.findElementByXPath(RemoteWebDriver.java:428)
	at org.openqa.selenium.By$ByXPath.findElement(By.java:353)
	at org.openqa.selenium.remote.RemoteWebDriver.findElement(RemoteWebDriver.java:315)
	at tests.BuildDownloadSetUp.downloadCWABuild_setUp(BuildDownloadSetUp.java:45)
... Removed 23 stack frames</div></td></tr></table><p class="totop"><a href="#summary">back to summary</a></p>
<h3 id="m6">tests.App_Desktop_Launch_Tests#launchApp</h3><table class="result"><tr><th>Exception</th></tr><tr><td><div class="stacktrace">java.lang.Throwable: Method App_Desktop_Launch_Tests.launchApp()[pri:1, instance:tests.App_Desktop_Launch_Tests@1f3f4916] depends on not successfully finished methods in group &quot;login_test&quot;
	at java.base/java.util.ArrayList.forEach(ArrayList.java:1511)
... Removed 22 stack frames</div></td></tr></table><p class="totop"><a href="#summary">back to summary</a></p>
<h3 id="m7">tests.App_Desktop_Launch_Tests#launchDesktop</h3><table class="result"><tr><th>Exception</th></tr><tr><td><div class="stacktrace">java.lang.Throwable: Method App_Desktop_Launch_Tests.launchDesktop()[pri:0, instance:tests.App_Desktop_Launch_Tests@1f3f4916] depends on not successfully finished methods in group &quot;login_test&quot;
	at java.base/java.util.ArrayList.forEach(ArrayList.java:1511)
... Removed 22 stack frames</div></td></tr></table><p class="totop"><a href="#summary">back to summary</a></p>
<h3 id="m8">tests.LogOff_Tests#logoffCWAUser</h3><table class="result"><tr><th>Exception</th></tr><tr><td><div class="stacktrace">java.lang.Throwable: Method LogOff_Tests.logoffCWAUser()[pri:1, instance:tests.LogOff_Tests@794cb805] depends on not successfully finished methods in group &quot;login_test&quot;
	at java.base/java.util.ArrayList.forEach(ArrayList.java:1511)
... Removed 22 stack frames</div></td></tr></table><p class="totop"><a href="#summary">back to summary</a></p>
<h3 id="m9">tests.LogOff_Tests#logoffSessions</h3><table class="result"><tr><th>Exception</th></tr><tr><td><div class="stacktrace">java.lang.Throwable: Method LogOff_Tests.logoffSessions()[pri:0, instance:tests.LogOff_Tests@794cb805] depends on not successfully finished methods in group &quot;launch_test&quot;
	at java.base/java.util.ArrayList.forEach(ArrayList.java:1511)
... Removed 22 stack frames</div></td></tr></table><p class="totop"><a href="#summary">back to summary</a></p>
<h3 id="m10">tests.OnPrem_Login_Test#loginTest</h3><table class="result"><tr><th>Exception</th></tr><tr><td><div class="stacktrace">java.lang.Throwable: Method OnPrem_Login_Test.loginTest()[pri:0, instance:tests.OnPrem_Login_Test@1ed1993a] depends on not successfully finished methods in group &quot;add_Store&quot;
	at java.base/java.util.ArrayList.forEach(ArrayList.java:1511)
... Removed 22 stack frames</div></td></tr></table><p class="totop"><a href="#summary">back to summary</a></p>
</body>
</html>
